c:\users\josdd\creatingagameengine\gameengine_0\gameengine_0\x64\debug\vc143.pdb
c:\users\josdd\creatingagameengine\gameengine_0\gameengine_0\x64\debug\vc143.idb
c:\users\josdd\creatingagameengine\gameengine_0\gameengine_0\x64\debug\window.obj
c:\users\josdd\creatingagameengine\gameengine_0\gameengine_0\x64\debug\vertexbuffer.obj
c:\users\josdd\creatingagameengine\gameengine_0\gameengine_0\x64\debug\swapchain.obj
c:\users\josdd\creatingagameengine\gameengine_0\gameengine_0\x64\debug\main.obj
c:\users\josdd\creatingagameengine\gameengine_0\gameengine_0\x64\debug\graphicsengine.obj
c:\users\josdd\creatingagameengine\gameengine_0\gameengine_0\x64\debug\devicecontext.obj
c:\users\josdd\creatingagameengine\gameengine_0\gameengine_0\x64\debug\appwindow.obj
c:\users\josdd\creatingagameengine\gameengine_0\x64\debug\pixelshader.cso
c:\users\josdd\creatingagameengine\gameengine_0\x64\debug\vertexshader.cso
c:\users\josdd\creatingagameengine\gameengine_0\x64\debug\gameengine_0.exe.lastcodeanalysissucceeded
c:\users\josdd\creatingagameengine\gameengine_0\gameengine_0\x64\debug\gameengine_0.tlog\cl.command.1.tlog
c:\users\josdd\creatingagameengine\gameengine_0\gameengine_0\x64\debug\gameengine_0.tlog\cl.read.1.tlog
c:\users\josdd\creatingagameengine\gameengine_0\gameengine_0\x64\debug\gameengine_0.tlog\cl.write.1.tlog
c:\users\josdd\creatingagameengine\gameengine_0\gameengine_0\x64\debug\gameengine_0.tlog\fxc.command.1.tlog
c:\users\josdd\creatingagameengine\gameengine_0\gameengine_0\x64\debug\gameengine_0.tlog\fxc.read.1.tlog
c:\users\josdd\creatingagameengine\gameengine_0\gameengine_0\x64\debug\gameengine_0.tlog\fxc.write.1.tlog
c:\users\josdd\creatingagameengine\gameengine_0\gameengine_0\x64\debug\gameengine_0.tlog\link-cvtres.read.1.tlog
c:\users\josdd\creatingagameengine\gameengine_0\gameengine_0\x64\debug\gameengine_0.tlog\link-cvtres.write.1.tlog
c:\users\josdd\creatingagameengine\gameengine_0\gameengine_0\x64\debug\gameengine_0.tlog\link-rc.read.1.tlog
c:\users\josdd\creatingagameengine\gameengine_0\gameengine_0\x64\debug\gameengine_0.tlog\link-rc.write.1.tlog
c:\users\josdd\creatingagameengine\gameengine_0\gameengine_0\x64\debug\gameengine_0.tlog\link.command.1.tlog
c:\users\josdd\creatingagameengine\gameengine_0\gameengine_0\x64\debug\gameengine_0.tlog\link.read.1.tlog
c:\users\josdd\creatingagameengine\gameengine_0\gameengine_0\x64\debug\gameengine_0.tlog\link.write.1.tlog
